{"name": "test_submit_form_success[chrome]", "status": "failed", "statusDetails": {"message": "AssertionError: assert 'John Doe' in ''", "trace": "self = <Testcases.Test_TextBox.Test_Login object at 0x0000025F53E66D50>\n\n    def test_submit_form_success(self):\n        self.txtobj.click_element()\n        self.txtobj.click_textbox()\n        Name =self.txtobj.enter_full_name(\"John Doe\")\n        Mail = self.txtobj.enter_email(\"john.doe@example.com\")\n        Curr_Address = self.txtobj.enter_current_address(\"123 Elm Street\")\n        Perm_Address = self.txtobj.enter_permanent_address(\"456 Oak Street\")\n        self.txtobj.click_submit()\n        time.sleep(5)\n    \n>       assert \"John Doe\" in Name\nE       AssertionError: assert 'John Doe' in ''\n\nTestcases\\Test_TextBox.py:32: AssertionError"}, "attachments": [{"name": "log", "source": "e02828b4-b47b-4b29-ad81-6d7bf3869520-attachment.txt", "type": "text/plain"}, {"name": "stdout", "source": "14986281-db11-4583-95cc-dcad6f27f1bd-attachment.txt", "type": "text/plain"}], "parameters": [{"name": "init_driver", "value": "'chrome'"}], "start": 1730572598002, "stop": 1730572636178, "uuid": "a5d702cf-c084-4d9e-97a6-6800f1cd1420", "historyId": "8a4492e41023ebd64ad17600915fcfa0", "testCaseId": "acd4ab8dec77c9477b8b7adede697dca", "fullName": "Testcases.Test_TextBox.Test_Login#test_submit_form_success", "labels": [{"name": "tag", "value": "@pytest.mark.usefixtures('init_driver')"}, {"name": "parentSuite", "value": "Testcases"}, {"name": "suite", "value": "Test_TextBox"}, {"name": "subSuite", "value": "Test_Login"}, {"name": "host", "value": "DESKTOP-LNQGHLL"}, {"name": "thread", "value": "11008-MainThread"}, {"name": "framework", "value": "pytest"}, {"name": "language", "value": "cpython3"}, {"name": "package", "value": "Testcases.Test_TextBox"}]}